Gym has been unmaintained since 2022 and does not support NumPy 2.0 amongst other critical functionality.
Please upgrade to Gymnasium, the maintained drop-in replacement of Gym, or contact the authors of your software and request that they upgrade.
See the migration guide at https://gymnasium.farama.org/introduction/migration_guide/ for additional information.

==================================================
ДЕМОНСТРАЦИЯ ОПТИМАЛЬНОЙ СТРАТЕГИИ
==================================================
Начальное состояние такси:
+---------+
|R: | : :G|
| : | : : |
|[43m [0m: : : : |
| | : | : |
|[35mY[0m| : |[34;1mB[0m: |
+---------+


Шаг 0, Действие: 2, Вознаграждение: -1.0
+---------+
|R: | : :G|
| : | : : |
| :[43m [0m: : : |
| | : | : |
|[35mY[0m| : |[34;1mB[0m: |
+---------+
  (East)

Шаг 5, Действие: 4, Вознаграждение: -1.0
+---------+
|R: | : :G|
| : | : : |
| : : : : |
| | : | : |
|[35mY[0m| : |[42mB[0m: |
+---------+
  (Pickup)

Шаг 10, Действие: 3, Вознаграждение: -1.0
+---------+
|R: | : :G|
| : | : : |
|[42m_[0m: : : : |
| | : | : |
|[35mY[0m| : |B: |
+---------+
  (West)

Шаг 15, Действие: 5, Вознаграждение: 20.0
+---------+
|R: | : :G|
| : | : : |
| : : : : |
| | : | : |
|[35m[34;1m[43mY[0m[0m[0m| : |B: |
+---------+
  (Dropoff)

Шаг 20, Действие: 4, Вознаграждение: -1.0
+---------+
|R: | : :G|
| : | : : |
| : : : : |
| | : | : |
|[35m[42mY[0m[0m| : |B: |
+---------+
  (Pickup)

Шаг 25, Действие: 5, Вознаграждение: 20.0
+---------+
|R: | : :G|
| : | : : |
| : : : : |
| | : | : |
|[35m[34;1m[43mY[0m[0m[0m| : |B: |
+---------+
  (Dropoff)

Шаг 30, Действие: 4, Вознаграждение: -1.0
+---------+
|R: | : :G|
| : | : : |
| : : : : |
| | : | : |
|[35m[42mY[0m[0m| : |B: |
+---------+
  (Pickup)

Шаг 35, Действие: 5, Вознаграждение: 20.0
+---------+
|R: | : :G|
| : | : : |
| : : : : |
| | : | : |
|[35m[34;1m[43mY[0m[0m[0m| : |B: |
+---------+
  (Dropoff)

Шаг 40, Действие: 4, Вознаграждение: -1.0
+---------+
|R: | : :G|
| : | : : |
| : : : : |
| | : | : |
|[35m[42mY[0m[0m| : |B: |
+---------+
  (Pickup)

Шаг 45, Действие: 5, Вознаграждение: 20.0
+---------+
|R: | : :G|
| : | : : |
| : : : : |
| | : | : |
|[35m[34;1m[43mY[0m[0m[0m| : |B: |
+---------+
  (Dropoff)

==================================================
Статистика выполнения:
- Пройдено шагов: 50
- Общее вознаграждение: 349.0
- Среднее вознаграждение за шаг: 6.98
==================================================
